2021-07-10 08:44:27,983 - root - DEBUG - This is a debug message
2021-07-10 08:44:27,983 - root - INFO - This is an info message
2021-07-10 08:44:27,983 - root - WARNING - This is a warning message
2021-07-10 08:44:27,983 - root - ERROR - This is an error message
2021-07-10 08:44:27,983 - root - CRITICAL - This is a critical message
2021-07-10 08:45:58,588 - root - DEBUG - This is a debug message
2021-07-10 08:45:58,588 - root - INFO - This is an info message
2021-07-10 08:45:58,588 - root - WARNING - This is a warning message
2021-07-10 08:45:58,588 - root - ERROR - This is an error message
2021-07-10 08:45:58,588 - root - CRITICAL - This is a critical message
2021-07-10 08:46:00,893 - root - DEBUG - This is a debug message
2021-07-10 08:46:00,893 - root - INFO - This is an info message
2021-07-10 08:46:00,893 - root - WARNING - This is a warning message
2021-07-10 08:46:00,893 - root - ERROR - This is an error message
2021-07-10 08:46:00,893 - root - CRITICAL - This is a critical message
2021-07-10 08:48:15,591 - root - DEBUG - This is a debug message
2021-07-10 08:48:15,591 - root - INFO - This is an info message
2021-07-10 08:48:15,591 - root - WARNING - This is a warning message
2021-07-10 08:48:15,591 - root - ERROR - This is an error message
2021-07-10 08:48:15,591 - root - CRITICAL - This is a critical message
